<?xml version="1.0" encoding="UTF-8"?>
<testsuite xmlns:xsi="http://www.w3.org/2001/XMLSchema-instance" xsi:noNamespaceSchemaLocation="https://maven.apache.org/surefire/maven-surefire-plugin/xsd/surefire-test-report-3.0.xsd" version="3.0" name="WEB_API.RunCucumberTest" time="6.092" tests="3" errors="0" skipped="0" failures="0">
  <properties>
[...]
</properties>
  <testcase name="delete file from dropbox" classname="Delete file" time="2.889">
    <system-out><![CDATA[
@delete
Scenario: delete file from dropbox   &amp#27;[90m# WEB_API/DeleteFile.feature:3&amp#27;[0m
HttpResponseProxy{HTTP/1.1 200 OK [Cache-Control: no-cache, X-Content-Type-Options: nosniff, X-Server-Response-Time: 376, Content-Type: application/json, Accept-Encoding: identity,gzip, Date: Fri, 12 May 2023 03:22:42 GMT, Server: envoy, Strict-Transport-Security: max-age=31536000; includeSubDomains; preload, X-Robots-Tag: noindex, nofollow, noimageindex, Vary: Accept-Encoding, X-Dropbox-Response-Origin: far_remote, X-Dropbox-Request-Id: d223962a8f5546b388c4c83e934601c1, Transfer-Encoding: chunked] org.apache.http.client.entity.DecompressingEntity@6b04acb2}
HttpResponseProxy{HTTP/1.1 200 OK [Cache-Control: no-cache, X-Content-Type-Options: nosniff, X-Frame-Options: SAMEORIGIN, X-Server-Response-Time: 74, Content-Type: application/json, Accept-Encoding: identity,gzip, Date: Fri, 12 May 2023 03:22:42 GMT, Server: envoy, Vary: Accept-Encoding, X-Dropbox-Response-Origin: far_remote, X-Dropbox-Request-Id: 2d7166ce14d34836839e374db46a77c9, Transfer-Encoding: chunked] org.apache.http.client.entity.DecompressingEntity@d400943}
  &amp#27;[32mGiven &amp#27;[0m&amp#27;[32mI check if &amp#27;[0m&amp#27;[32m&amp#27;[1m"test.txt"&amp#27;[0m&amp#27;[32m exists&amp#27;[0m &amp#27;[90m# WEB_API.DeleteFileStepDefinitions.ifFileExists(java.lang.String)&amp#27;[0m
HttpResponseProxy{HTTP/1.1 200 OK [Cache-Control: no-cache, X-Content-Type-Options: nosniff, X-Frame-Options: SAMEORIGIN, X-Server-Response-Time: 1045, Content-Type: application/json, Accept-Encoding: identity,gzip, Date: Fri, 12 May 2023 03:22:44 GMT, Server: envoy, Vary: Accept-Encoding, X-Dropbox-Response-Origin: far_remote, X-Dropbox-Request-Id: 0dbfcc800a9a42f5b1b3ae2144832424, Transfer-Encoding: chunked] org.apache.http.client.entity.DecompressingEntity@312afbc7}
  &amp#27;[32mWhen &amp#27;[0m&amp#27;[32mI delete file&amp#27;[0m                 &amp#27;[90m# WEB_API.DeleteFileStepDefinitions.deleteFile()&amp#27;[0m
HttpResponseProxy{HTTP/1.1 200 OK [Cache-Control: no-cache, X-Content-Type-Options: nosniff, X-Frame-Options: SAMEORIGIN, X-Server-Response-Time: 65, Content-Type: application/json, Accept-Encoding: identity,gzip, Date: Fri, 12 May 2023 03:22:44 GMT, Server: envoy, Vary: Accept-Encoding, X-Dropbox-Response-Origin: far_remote, X-Dropbox-Request-Id: 2d6d2fc96be3444085a1d874d3106121, Transfer-Encoding: chunked] org.apache.http.client.entity.DecompressingEntity@61d01788}
  &amp#27;[32mThen &amp#27;[0m&amp#27;[32mI check if file is deleted&amp#27;[0m    &amp#27;[90m# WEB_API.DeleteFileStepDefinitions.isFileDeleted()&amp#27;[0m
]]></system-out>
    <system-err><![CDATA[SLF4J: Failed to load class "org.slf4j.impl.StaticLoggerBinder".
SLF4J: Defaulting to no-operation (NOP) logger implementation
SLF4J: See http://www.slf4j.org/codes.html#StaticLoggerBinder for further details.
]]></system-err>
  </testcase>
  <testcase name="get metadata from file in dropbox" classname="get metadata from file" time="1.523">
    <system-out><![CDATA[
@metadata
Scenario: get metadata from file in dropbox &amp#27;[90m# WEB_API/GetMetaData.feature:3&amp#27;[0m
HttpResponseProxy{HTTP/1.1 200 OK [Cache-Control: no-cache, X-Content-Type-Options: nosniff, X-Server-Response-Time: 622, Content-Type: application/json, Accept-Encoding: identity,gzip, Date: Fri, 12 May 2023 03:22:45 GMT, Server: envoy, Strict-Transport-Security: max-age=31536000; includeSubDomains; preload, X-Robots-Tag: noindex, nofollow, noimageindex, Vary: Accept-Encoding, X-Dropbox-Response-Origin: far_remote, X-Dropbox-Request-Id: 25a38be8ffce4bdfb9531b323e1d399e, Transfer-Encoding: chunked] org.apache.http.client.entity.DecompressingEntity@6124287a}
HttpResponseProxy{HTTP/1.1 200 OK [Cache-Control: no-cache, X-Content-Type-Options: nosniff, X-Frame-Options: SAMEORIGIN, X-Server-Response-Time: 85, Content-Type: application/json, Accept-Encoding: identity,gzip, Date: Fri, 12 May 2023 03:22:46 GMT, Server: envoy, Vary: Accept-Encoding, X-Dropbox-Response-Origin: far_remote, X-Dropbox-Request-Id: 145c6f2beedf432c9c4a1ccb5e3c6cb5, Transfer-Encoding: chunked] org.apache.http.client.entity.DecompressingEntity@e4d2696}
  &amp#27;[32mGiven &amp#27;[0m&amp#27;[32mfile &amp#27;[0m&amp#27;[32m&amp#27;[1m"test.txt"&amp#27;[0m&amp#27;[32m exists in dropbox&amp#27;[0m   &amp#27;[90m# WEB_API.GetMetadataStepDefinitions.ifFileExists(java.lang.String)&amp#27;[0m
HttpResponseProxy{HTTP/1.1 200 OK [Cache-Control: no-cache, X-Content-Type-Options: nosniff, X-Frame-Options: SAMEORIGIN, X-Server-Response-Time: 59, Content-Type: application/json, Accept-Encoding: identity,gzip, Date: Fri, 12 May 2023 03:22:46 GMT, Server: envoy, Vary: Accept-Encoding, X-Dropbox-Response-Origin: far_remote, X-Dropbox-Request-Id: 763c9d3b04b34c7a84d2edf29964ebe5, Transfer-Encoding: chunked] org.apache.http.client.entity.DecompressingEntity@6fd1660}
  &amp#27;[32mWhen &amp#27;[0m&amp#27;[32mI get file's meta data&amp#27;[0m               &amp#27;[90m# WEB_API.GetMetadataStepDefinitions.getMetaData()&amp#27;[0m
  &amp#27;[32mThen &amp#27;[0m&amp#27;[32mI check if I recieved file's data&amp#27;[0m    &amp#27;[90m# WEB_API.GetMetadataStepDefinitions.isMetaDataRight()&amp#27;[0m
]]></system-out>
  </testcase>
  <testcase name="upload file to dropbox" classname="upload file" time="1.578">
    <system-out><![CDATA[
@upload
Scenario: upload file to dropbox              &amp#27;[90m# WEB_API/UploadFile.feature:3&amp#27;[0m
HttpResponseProxy{HTTP/1.1 200 OK [Cache-Control: no-cache, X-Content-Type-Options: nosniff, X-Server-Response-Time: 332, Content-Type: application/json, Accept-Encoding: identity,gzip, Date: Fri, 12 May 2023 03:22:46 GMT, Server: envoy, Strict-Transport-Security: max-age=31536000; includeSubDomains; preload, X-Robots-Tag: noindex, nofollow, noimageindex, Vary: Accept-Encoding, X-Dropbox-Response-Origin: far_remote, X-Dropbox-Request-Id: e4a9e1859cc54328b9421631994769ad, Transfer-Encoding: chunked] org.apache.http.client.entity.DecompressingEntity@64bfd6fd}
  &amp#27;[32mGiven &amp#27;[0m&amp#27;[32mfile &amp#27;[0m&amp#27;[32m&amp#27;[1m"test.txt"&amp#27;[0m&amp#27;[32m exists&amp#27;[0m                &amp#27;[90m# WEB_API.UploadFileStepDefinitions.fileExists(java.lang.String)&amp#27;[0m
HttpResponseProxy{HTTP/1.1 200 OK [Cache-Control: no-cache, X-Content-Type-Options: nosniff, X-Server-Response-Time: 338, Content-Type: application/json, Accept-Encoding: identity,gzip, Date: Fri, 12 May 2023 03:22:47 GMT, Server: envoy, Strict-Transport-Security: max-age=31536000; includeSubDomains; preload, X-Robots-Tag: noindex, nofollow, noimageindex, Vary: Accept-Encoding, X-Dropbox-Response-Origin: far_remote, X-Dropbox-Request-Id: 9b6a58c7628f402cb9c871f488fdd54d, Transfer-Encoding: chunked] org.apache.http.client.entity.DecompressingEntity@7d37f1c}
  &amp#27;[32mWhen &amp#27;[0m&amp#27;[32mi upload file&amp#27;[0m                          &amp#27;[90m# WEB_API.UploadFileStepDefinitions.uploadFile()&amp#27;[0m
HttpResponseProxy{HTTP/1.1 200 OK [Cache-Control: no-cache, X-Content-Type-Options: nosniff, X-Frame-Options: SAMEORIGIN, X-Server-Response-Time: 116, Content-Type: application/json, Accept-Encoding: identity,gzip, Date: Fri, 12 May 2023 03:22:47 GMT, Server: envoy, Vary: Accept-Encoding, X-Dropbox-Response-Origin: far_remote, X-Dropbox-Request-Id: 8b4cdacf23604784977dbb83dc94c651, Transfer-Encoding: chunked] org.apache.http.client.entity.DecompressingEntity@5c82cd4f}
  &amp#27;[32mThen &amp#27;[0m&amp#27;[32mi check if file &amp#27;[0m&amp#27;[32m&amp#27;[1m"test.txt"&amp#27;[0m&amp#27;[32m is uploaded&amp#27;[0m &amp#27;[90m# WEB_API.UploadFileStepDefinitions.ifFileUploaded(java.lang.String)&amp#27;[0m
]]></system-out>
  </testcase>
</testsuite>