<?xml version="1.0" encoding="UTF-8"?>
<testsuite xmlns:xsi="http://www.w3.org/2001/XMLSchema-instance" xsi:noNamespaceSchemaLocation="https://maven.apache.org/surefire/maven-surefire-plugin/xsd/surefire-test-report-3.0.xsd" version="3.0" name="WEB_API.RunCucumberTest" time="6.633" tests="3" errors="0" skipped="0" failures="0">
  <properties>
[...]
</properties>
  <testcase name="upload file to dropbox" classname="upload file" time="1.73">
    <system-out><![CDATA[
@upload
Scenario: upload file to dropbox              &amp#27;[90m# WEB_API/UploadMetadataDeleteFile.feature:6&amp#27;[0m
  &amp#27;[32mGiven &amp#27;[0m&amp#27;[32mfile &amp#27;[0m&amp#27;[32m&amp#27;[1m"test.txt"&amp#27;[0m&amp#27;[32m exists&amp#27;[0m                &amp#27;[90m# WEB_API.UploadFileStepDefinitions.fileExists(java.lang.String)&amp#27;[0m
HttpResponseProxy{HTTP/1.1 200 OK [Cache-Control: no-cache, X-Content-Type-Options: nosniff, X-Server-Response-Time: 707, Content-Type: application/json, Accept-Encoding: identity,gzip, Date: Wed, 17 May 2023 17:33:38 GMT, Server: envoy, Strict-Transport-Security: max-age=31536000; includeSubDomains; preload, X-Robots-Tag: noindex, nofollow, noimageindex, Vary: Accept-Encoding, X-Dropbox-Response-Origin: far_remote, X-Dropbox-Request-Id: c503bf21755444ba8470ba1568a9f65b, Transfer-Encoding: chunked] org.apache.http.client.entity.DecompressingEntity@6f63c44f}
  &amp#27;[32mThen &amp#27;[0m&amp#27;[32mi upload file&amp#27;[0m                          &amp#27;[90m# WEB_API.UploadFileStepDefinitions.uploadFile()&amp#27;[0m
HttpResponseProxy{HTTP/1.1 200 OK [Cache-Control: no-cache, X-Content-Type-Options: nosniff, X-Frame-Options: SAMEORIGIN, X-Server-Response-Time: 103, Content-Type: application/json, Accept-Encoding: identity,gzip, Date: Wed, 17 May 2023 17:33:39 GMT, Server: envoy, Vary: Accept-Encoding, X-Dropbox-Response-Origin: far_remote, X-Dropbox-Request-Id: f12e1b94b04d44cfbf295152ad3585ae, Transfer-Encoding: chunked] org.apache.http.client.entity.DecompressingEntity@5baaae4c}
  &amp#27;[32mThen &amp#27;[0m&amp#27;[32mi check if file &amp#27;[0m&amp#27;[32m&amp#27;[1m"test.txt"&amp#27;[0m&amp#27;[32m is uploaded&amp#27;[0m &amp#27;[90m# WEB_API.UploadFileStepDefinitions.ifFileUploaded(java.lang.String)&amp#27;[0m
]]></system-out>
    <system-err><![CDATA[SLF4J: Failed to load class "org.slf4j.impl.StaticLoggerBinder".
SLF4J: Defaulting to no-operation (NOP) logger implementation
SLF4J: See http://www.slf4j.org/codes.html#StaticLoggerBinder for further details.
]]></system-err>
  </testcase>
  <testcase name="get metadata from file in dropbox" classname="upload file" time="2.024">
    <system-out><![CDATA[
Scenario: get metadata from file in dropbox &amp#27;[90m# WEB_API/UploadMetadataDeleteFile.feature:9&amp#27;[0m
  &amp#27;[32mGiven &amp#27;[0m&amp#27;[32mfile &amp#27;[0m&amp#27;[32m&amp#27;[1m"test.txt"&amp#27;[0m&amp#27;[32m exists&amp#27;[0m              &amp#27;[90m# WEB_API.UploadFileStepDefinitions.fileExists(java.lang.String)&amp#27;[0m
HttpResponseProxy{HTTP/1.1 200 OK [Cache-Control: no-cache, X-Content-Type-Options: nosniff, X-Server-Response-Time: 569, Content-Type: application/json, Accept-Encoding: identity,gzip, Date: Wed, 17 May 2023 17:33:39 GMT, Server: envoy, Strict-Transport-Security: max-age=31536000; includeSubDomains; preload, X-Robots-Tag: noindex, nofollow, noimageindex, Vary: Accept-Encoding, X-Dropbox-Response-Origin: far_remote, X-Dropbox-Request-Id: e0bf4ad27a7d407c9d72ee6c9980f9dd, Transfer-Encoding: chunked] org.apache.http.client.entity.DecompressingEntity@76954a33}
  &amp#27;[32mThen &amp#27;[0m&amp#27;[32mi upload file&amp#27;[0m                        &amp#27;[90m# WEB_API.UploadFileStepDefinitions.uploadFile()&amp#27;[0m
HttpResponseProxy{HTTP/1.1 200 OK [Cache-Control: no-cache, X-Content-Type-Options: nosniff, X-Frame-Options: SAMEORIGIN, X-Server-Response-Time: 84, Content-Type: application/json, Accept-Encoding: identity,gzip, Date: Wed, 17 May 2023 17:33:40 GMT, Server: envoy, Vary: Accept-Encoding, X-Dropbox-Response-Origin: far_remote, X-Dropbox-Request-Id: da3c13fc24e344438fe7e462d313f082, Transfer-Encoding: chunked] org.apache.http.client.entity.DecompressingEntity@31cb96e1}
  &amp#27;[32mGiven &amp#27;[0m&amp#27;[32mfile &amp#27;[0m&amp#27;[32m&amp#27;[1m"test.txt"&amp#27;[0m&amp#27;[32m exists in dropbox&amp#27;[0m   &amp#27;[90m# WEB_API.GetMetadataStepDefinitions.ifFileExists(java.lang.String)&amp#27;[0m
HttpResponseProxy{HTTP/1.1 200 OK [Cache-Control: no-cache, X-Content-Type-Options: nosniff, X-Frame-Options: SAMEORIGIN, X-Server-Response-Time: 611, Content-Type: application/json, Accept-Encoding: identity,gzip, Date: Wed, 17 May 2023 17:33:41 GMT, Server: envoy, Vary: Accept-Encoding, X-Dropbox-Response-Origin: far_remote, X-Dropbox-Request-Id: be7ae740541544b4b68be1964b4fc2ae, Transfer-Encoding: chunked] org.apache.http.client.entity.DecompressingEntity@281f23f2}
  &amp#27;[32mWhen &amp#27;[0m&amp#27;[32mI get file's meta data&amp#27;[0m               &amp#27;[90m# WEB_API.GetMetadataStepDefinitions.getMetaData()&amp#27;[0m
  &amp#27;[32mThen &amp#27;[0m&amp#27;[32mI check if I received file's data&amp#27;[0m    &amp#27;[90m# WEB_API.GetMetadataStepDefinitions.isMetaDataRight()&amp#27;[0m
]]></system-out>
  </testcase>
  <testcase name="delete file from dropbox" classname="upload file" time="2.782">
    <system-out><![CDATA[
Scenario: delete file from dropbox   &amp#27;[90m# WEB_API/UploadMetadataDeleteFile.feature:14&amp#27;[0m
  &amp#27;[32mGiven &amp#27;[0m&amp#27;[32mfile &amp#27;[0m&amp#27;[32m&amp#27;[1m"test.txt"&amp#27;[0m&amp#27;[32m exists&amp#27;[0m       &amp#27;[90m# WEB_API.UploadFileStepDefinitions.fileExists(java.lang.String)&amp#27;[0m
HttpResponseProxy{HTTP/1.1 200 OK [Cache-Control: no-cache, X-Content-Type-Options: nosniff, X-Server-Response-Time: 330, Content-Type: application/json, Accept-Encoding: identity,gzip, Date: Wed, 17 May 2023 17:33:41 GMT, Server: envoy, Strict-Transport-Security: max-age=31536000; includeSubDomains; preload, X-Robots-Tag: noindex, nofollow, noimageindex, Vary: Accept-Encoding, X-Dropbox-Response-Origin: far_remote, X-Dropbox-Request-Id: dd058e0eaf984fcf9c2a3fef5dbdb4bb, Transfer-Encoding: chunked] org.apache.http.client.entity.DecompressingEntity@185f7840}
  &amp#27;[32mThen &amp#27;[0m&amp#27;[32mi upload file&amp#27;[0m                 &amp#27;[90m# WEB_API.UploadFileStepDefinitions.uploadFile()&amp#27;[0m
HttpResponseProxy{HTTP/1.1 200 OK [Cache-Control: no-cache, X-Content-Type-Options: nosniff, X-Frame-Options: SAMEORIGIN, X-Server-Response-Time: 106, Content-Type: application/json, Accept-Encoding: identity,gzip, Date: Wed, 17 May 2023 17:33:42 GMT, Server: envoy, Vary: Accept-Encoding, X-Dropbox-Response-Origin: far_remote, X-Dropbox-Request-Id: 61d01db9380b4ca18e1f4dfc15fb7b77, Transfer-Encoding: chunked] org.apache.http.client.entity.DecompressingEntity@3e7dfd44}
  &amp#27;[32mGiven &amp#27;[0m&amp#27;[32mI check if &amp#27;[0m&amp#27;[32m&amp#27;[1m"test.txt"&amp#27;[0m&amp#27;[32m exists&amp#27;[0m &amp#27;[90m# WEB_API.DeleteFileStepDefinitions.ifFileExists(java.lang.String)&amp#27;[0m
HttpResponseProxy{HTTP/1.1 200 OK [Cache-Control: no-cache, X-Content-Type-Options: nosniff, X-Frame-Options: SAMEORIGIN, X-Server-Response-Time: 1298, Content-Type: application/json, Accept-Encoding: identity,gzip, Date: Wed, 17 May 2023 17:33:43 GMT, Server: envoy, Vary: Accept-Encoding, X-Dropbox-Response-Origin: far_remote, X-Dropbox-Request-Id: d39e85f16db641dc91d0448cfe1c6d92, Transfer-Encoding: chunked] org.apache.http.client.entity.DecompressingEntity@2301b75}
  &amp#27;[32mWhen &amp#27;[0m&amp#27;[32mI delete file&amp#27;[0m                 &amp#27;[90m# WEB_API.DeleteFileStepDefinitions.deleteFile()&amp#27;[0m
HttpResponseProxy{HTTP/1.1 200 OK [Cache-Control: no-cache, X-Content-Type-Options: nosniff, X-Frame-Options: SAMEORIGIN, X-Server-Response-Time: 79, Content-Type: application/json, Accept-Encoding: identity,gzip, Date: Wed, 17 May 2023 17:33:44 GMT, Server: envoy, Vary: Accept-Encoding, X-Dropbox-Response-Origin: far_remote, X-Dropbox-Request-Id: dc15e78fe6ee46ff89c80a3f98c4bdee, Transfer-Encoding: chunked] org.apache.http.client.entity.DecompressingEntity@15dd5ac2}
  &amp#27;[32mThen &amp#27;[0m&amp#27;[32mI check if file is deleted&amp#27;[0m    &amp#27;[90m# WEB_API.DeleteFileStepDefinitions.isFileDeleted()&amp#27;[0m
]]></system-out>
  </testcase>
</testsuite>